-------------------------------------------------------------------------------
Test set: com.cn.qin.actionTest.UserActionTest
-------------------------------------------------------------------------------
Tests run: 2, Failures: 1, Errors: 0, Skipped: 0, Time elapsed: 0.016 sec <<< FAILURE! - in com.cn.qin.actionTest.UserActionTest
testLengthArray(com.cn.qin.actionTest.UserActionTest)  Time elapsed: 0.001 sec  <<< FAILURE!
java.lang.AssertionError: Expected exception: java.lang.NullPointerException

