<?xml version="1.0" encoding="UTF-8"?>
<testsuite xmlns:xsi="http://www.w3.org/2001/XMLSchema-instance" xsi:schemaLocation="https://maven.apache.org/surefire/maven-surefire-plugin/xsd/surefire-test-report.xsd" name="com.cn.qin.actionTest.UserActionTest" time="0.016" tests="2" errors="0" skipped="0" failures="1">
  <properties>
[...]
</properties>
  <testcase name="testCaseExecute" classname="com.cn.qin.actionTest.UserActionTest" time="0.006"/>
  <testcase name="testLengthArray" classname="com.cn.qin.actionTest.UserActionTest" time="0.001">
    <failure message="Expected exception: java.lang.NullPointerException" type="java.lang.AssertionError">java.lang.AssertionError: Expected exception: java.lang.NullPointerException
</failure>
  </testcase>
</testsuite>